<?xml version="1.0" encoding="UTF-8"?>
<testsuite xmlns:xsi="http://www.w3.org/2001/XMLSchema-instance" xsi:noNamespaceSchemaLocation="https://maven.apache.org/surefire/maven-surefire-plugin/xsd/surefire-test-report-3.0.xsd" version="3.0" name="dev.selenium.troubleshooting.LoggingTest" time="0.93" tests="1" errors="0" skipped="0" failures="0">
  <properties>
    <property name="awt.toolkit" value="sun.awt.X11.XToolkit"/>
    <property name="java.specification.version" value="11"/>
    <property name="sun.cpu.isalist" value=""/>
    <property name="sun.jnu.encoding" value="ANSI_X3.4-1968"/>
    <property name="java.class.path" value="/test/target/test-classes:/test/target/classes:/home/seluser/.m2/repository/org/seleniumhq/selenium/selenium-java/4.13.0/selenium-java-4.13.0.jar:/home/seluser/.m2/repository/org/seleniumhq/selenium/selenium-api/4.13.0/selenium-api-4.13.0.jar:/home/seluser/.m2/repository/org/seleniumhq/selenium/selenium-chrome-driver/4.13.0/selenium-chrome-driver-4.13.0.jar:/home/seluser/.m2/repository/com/google/auto/service/auto-service-annotations/1.1.1/auto-service-annotations-1.1.1.jar:/home/seluser/.m2/repository/com/google/guava/guava/32.1.2-jre/guava-32.1.2-jre.jar:/home/seluser/.m2/repository/com/google/guava/failureaccess/1.0.1/failureaccess-1.0.1.jar:/home/seluser/.m2/repository/com/google/guava/listenablefuture/9999.0-empty-to-avoid-conflict-with-guava/listenablefuture-9999.0-empty-to-avoid-conflict-with-guava.jar:/home/seluser/.m2/repository/com/google/code/findbugs/jsr305/3.0.2/jsr305-3.0.2.jar:/home/seluser/.m2/repository/org/checkerframework/checker-qual/3.33.0/checker-qual-3.33.0.jar:/home/seluser/.m2/repository/com/google/errorprone/error_prone_annotations/2.18.0/error_prone_annotations-2.18.0.jar:/home/seluser/.m2/repository/com/google/j2objc/j2objc-annotations/2.8/j2objc-annotations-2.8.jar:/home/seluser/.m2/repository/org/seleniumhq/selenium/selenium-chromium-driver/4.13.0/selenium-chromium-driver-4.13.0.jar:/home/seluser/.m2/repository/org/seleniumhq/selenium/selenium-json/4.13.0/selenium-json-4.13.0.jar:/home/seluser/.m2/repository/org/seleniumhq/selenium/selenium-manager/4.13.0/selenium-manager-4.13.0.jar:/home/seluser/.m2/repository/org/seleniumhq/selenium/selenium-devtools-v115/4.13.0/selenium-devtools-v115-4.13.0.jar:/home/seluser/.m2/repository/org/seleniumhq/selenium/selenium-devtools-v116/4.13.0/selenium-devtools-v116-4.13.0.jar:/home/seluser/.m2/repository/org/seleniumhq/selenium/selenium-devtools-v117/4.13.0/selenium-devtools-v117-4.13.0.jar:/home/seluser/.m2/repository/org/seleniumhq/selenium/selenium-devtools-v85/4.13.0/selenium-devtools-v85-4.13.0.jar:/home/seluser/.m2/repository/org/seleniumhq/selenium/selenium-edge-driver/4.13.0/selenium-edge-driver-4.13.0.jar:/home/seluser/.m2/repository/org/seleniumhq/selenium/selenium-firefox-driver/4.13.0/selenium-firefox-driver-4.13.0.jar:/home/seluser/.m2/repository/org/seleniumhq/selenium/selenium-http/4.13.0/selenium-http-4.13.0.jar:/home/seluser/.m2/repository/dev/failsafe/failsafe/3.3.2/failsafe-3.3.2.jar:/home/seluser/.m2/repository/org/seleniumhq/selenium/selenium-ie-driver/4.13.0/selenium-ie-driver-4.13.0.jar:/home/seluser/.m2/repository/org/seleniumhq/selenium/selenium-remote-driver/4.13.0/selenium-remote-driver-4.13.0.jar:/home/seluser/.m2/repository/io/netty/netty-buffer/4.1.96.Final/netty-buffer-4.1.96.Final.jar:/home/seluser/.m2/repository/io/netty/netty-codec-http/4.1.96.Final/netty-codec-http-4.1.96.Final.jar:/home/seluser/.m2/repository/io/netty/netty-codec/4.1.96.Final/netty-codec-4.1.96.Final.jar:/home/seluser/.m2/repository/io/netty/netty-handler/4.1.96.Final/netty-handler-4.1.96.Final.jar:/home/seluser/.m2/repository/io/netty/netty-common/4.1.96.Final/netty-common-4.1.96.Final.jar:/home/seluser/.m2/repository/io/netty/netty-transport-classes-epoll/4.1.96.Final/netty-transport-classes-epoll-4.1.96.Final.jar:/home/seluser/.m2/repository/io/netty/netty-transport-classes-kqueue/4.1.96.Final/netty-transport-classes-kqueue-4.1.96.Final.jar:/home/seluser/.m2/repository/io/netty/netty-transport-native-epoll/4.1.96.Final/netty-transport-native-epoll-4.1.96.Final.jar:/home/seluser/.m2/repository/io/netty/netty-transport-native-kqueue/4.1.96.Final/netty-transport-native-kqueue-4.1.96.Final.jar:/home/seluser/.m2/repository/io/netty/netty-transport-native-unix-common/4.1.96.Final/netty-transport-native-unix-common-4.1.96.Final.jar:/home/seluser/.m2/repository/io/netty/netty-transport/4.1.96.Final/netty-transport-4.1.96.Final.jar:/home/seluser/.m2/repository/io/netty/netty-resolver/4.1.96.Final/netty-resolver-4.1.96.Final.jar:/home/seluser/.m2/repository/io/opentelemetry/opentelemetry-api/1.28.0/opentelemetry-api-1.28.0.jar:/home/seluser/.m2/repository/io/opentelemetry/opentelemetry-context/1.28.0/opentelemetry-context-1.28.0.jar:/home/seluser/.m2/repository/io/opentelemetry/opentelemetry-exporter-logging/1.28.0/opentelemetry-exporter-logging-1.28.0.jar:/home/seluser/.m2/repository/io/opentelemetry/opentelemetry-sdk-metrics/1.28.0/opentelemetry-sdk-metrics-1.28.0.jar:/home/seluser/.m2/repository/io/opentelemetry/opentelemetry-extension-incubator/1.28.0-alpha/opentelemetry-extension-incubator-1.28.0-alpha.jar:/home/seluser/.m2/repository/io/opentelemetry/opentelemetry-sdk-logs/1.28.0/opentelemetry-sdk-logs-1.28.0.jar:/home/seluser/.m2/repository/io/opentelemetry/opentelemetry-sdk-common/1.28.0/opentelemetry-sdk-common-1.28.0.jar:/home/seluser/.m2/repository/io/opentelemetry/opentelemetry-sdk-extension-autoconfigure-spi/1.28.0/opentelemetry-sdk-extension-autoconfigure-spi-1.28.0.jar:/home/seluser/.m2/repository/io/opentelemetry/opentelemetry-sdk-extension-autoconfigure/1.28.0/opentelemetry-sdk-extension-autoconfigure-1.28.0.jar:/home/seluser/.m2/repository/io/opentelemetry/opentelemetry-api-events/1.28.0-alpha/opentelemetry-api-events-1.28.0-alpha.jar:/home/seluser/.m2/repository/io/opentelemetry/opentelemetry-sdk-trace/1.28.0/opentelemetry-sdk-trace-1.28.0.jar:/home/seluser/.m2/repository/io/opentelemetry/opentelemetry-sdk/1.28.0/opentelemetry-sdk-1.28.0.jar:/home/seluser/.m2/repository/io/opentelemetry/opentelemetry-semconv/1.28.0-alpha/opentelemetry-semconv-1.28.0-alpha.jar:/home/seluser/.m2/repository/net/bytebuddy/byte-buddy/1.14.5/byte-buddy-1.14.5.jar:/home/seluser/.m2/repository/org/asynchttpclient/async-http-client/2.12.3/async-http-client-2.12.3.jar:/home/seluser/.m2/repository/org/asynchttpclient/async-http-client-netty-utils/2.12.3/async-http-client-netty-utils-2.12.3.jar:/home/seluser/.m2/repository/io/netty/netty-codec-socks/4.1.60.Final/netty-codec-socks-4.1.60.Final.jar:/home/seluser/.m2/repository/io/netty/netty-handler-proxy/4.1.60.Final/netty-handler-proxy-4.1.60.Final.jar:/home/seluser/.m2/repository/io/netty/netty-transport-native-epoll/4.1.60.Final/netty-transport-native-epoll-4.1.60.Final-linux-x86_64.jar:/home/seluser/.m2/repository/io/netty/netty-transport-native-kqueue/4.1.60.Final/netty-transport-native-kqueue-4.1.60.Final-osx-x86_64.jar:/home/seluser/.m2/repository/org/reactivestreams/reactive-streams/1.0.3/reactive-streams-1.0.3.jar:/home/seluser/.m2/repository/com/typesafe/netty/netty-reactive-streams/2.0.4/netty-reactive-streams-2.0.4.jar:/home/seluser/.m2/repository/com/sun/activation/jakarta.activation/1.2.2/jakarta.activation-1.2.2.jar:/home/seluser/.m2/repository/org/seleniumhq/selenium/selenium-os/4.13.0/selenium-os-4.13.0.jar:/home/seluser/.m2/repository/org/apache/commons/commons-exec/1.3/commons-exec-1.3.jar:/home/seluser/.m2/repository/org/seleniumhq/selenium/selenium-safari-driver/4.13.0/selenium-safari-driver-4.13.0.jar:/home/seluser/.m2/repository/org/seleniumhq/selenium/selenium-support/4.13.0/selenium-support-4.13.0.jar:/home/seluser/.m2/repository/org/slf4j/slf4j-api/2.0.5/slf4j-api-2.0.5.jar:/home/seluser/.m2/repository/ch/qos/logback/logback-classic/1.4.6/logback-classic-1.4.6.jar:/home/seluser/.m2/repository/ch/qos/logback/logback-core/1.4.6/logback-core-1.4.6.jar:/home/seluser/.m2/repository/org/junit/jupiter/junit-jupiter-engine/5.9.2/junit-jupiter-engine-5.9.2.jar:/home/seluser/.m2/repository/org/junit/platform/junit-platform-engine/1.9.2/junit-platform-engine-1.9.2.jar:/home/seluser/.m2/repository/org/opentest4j/opentest4j/1.2.0/opentest4j-1.2.0.jar:/home/seluser/.m2/repository/org/junit/platform/junit-platform-commons/1.9.2/junit-platform-commons-1.9.2.jar:/home/seluser/.m2/repository/org/junit/jupiter/junit-jupiter-api/5.9.2/junit-jupiter-api-5.9.2.jar:/home/seluser/.m2/repository/org/apiguardian/apiguardian-api/1.1.2/apiguardian-api-1.1.2.jar:"/>
    <property name="java.vm.vendor" value="Ubuntu"/>
    <property name="sun.arch.data.model" value="64"/>
    <property name="java.vendor.url" value="https://ubuntu.com/"/>
    <property name="user.timezone" value="UTC"/>
    <property name="java.vm.specification.version" value="11"/>
    <property name="os.name" value="Linux"/>
    <property name="sun.java.launcher" value="SUN_STANDARD"/>
    <property name="user.country" value="US"/>
    <property name="sun.boot.library.path" value="/usr/lib/jvm/java-11-openjdk-amd64/lib"/>
    <property name="sun.java.command" value="/test/target/surefire/surefirebooter-20230928070811527_3.jar /test/target/surefire 2023-09-28T07-08-03_979-jvmRun1 surefire-20230928070811527_1tmp surefire_0-20230928070811527_2tmp"/>
    <property name="jdk.debug" value="release"/>
    <property name="surefire.test.class.path" value="/test/target/test-classes:/test/target/classes:/home/seluser/.m2/repository/org/seleniumhq/selenium/selenium-java/4.13.0/selenium-java-4.13.0.jar:/home/seluser/.m2/repository/org/seleniumhq/selenium/selenium-api/4.13.0/selenium-api-4.13.0.jar:/home/seluser/.m2/repository/org/seleniumhq/selenium/selenium-chrome-driver/4.13.0/selenium-chrome-driver-4.13.0.jar:/home/seluser/.m2/repository/com/google/auto/service/auto-service-annotations/1.1.1/auto-service-annotations-1.1.1.jar:/home/seluser/.m2/repository/com/google/guava/guava/32.1.2-jre/guava-32.1.2-jre.jar:/home/seluser/.m2/repository/com/google/guava/failureaccess/1.0.1/failureaccess-1.0.1.jar:/home/seluser/.m2/repository/com/google/guava/listenablefuture/9999.0-empty-to-avoid-conflict-with-guava/listenablefuture-9999.0-empty-to-avoid-conflict-with-guava.jar:/home/seluser/.m2/repository/com/google/code/findbugs/jsr305/3.0.2/jsr305-3.0.2.jar:/home/seluser/.m2/repository/org/checkerframework/checker-qual/3.33.0/checker-qual-3.33.0.jar:/home/seluser/.m2/repository/com/google/errorprone/error_prone_annotations/2.18.0/error_prone_annotations-2.18.0.jar:/home/seluser/.m2/repository/com/google/j2objc/j2objc-annotations/2.8/j2objc-annotations-2.8.jar:/home/seluser/.m2/repository/org/seleniumhq/selenium/selenium-chromium-driver/4.13.0/selenium-chromium-driver-4.13.0.jar:/home/seluser/.m2/repository/org/seleniumhq/selenium/selenium-json/4.13.0/selenium-json-4.13.0.jar:/home/seluser/.m2/repository/org/seleniumhq/selenium/selenium-manager/4.13.0/selenium-manager-4.13.0.jar:/home/seluser/.m2/repository/org/seleniumhq/selenium/selenium-devtools-v115/4.13.0/selenium-devtools-v115-4.13.0.jar:/home/seluser/.m2/repository/org/seleniumhq/selenium/selenium-devtools-v116/4.13.0/selenium-devtools-v116-4.13.0.jar:/home/seluser/.m2/repository/org/seleniumhq/selenium/selenium-devtools-v117/4.13.0/selenium-devtools-v117-4.13.0.jar:/home/seluser/.m2/repository/org/seleniumhq/selenium/selenium-devtools-v85/4.13.0/selenium-devtools-v85-4.13.0.jar:/home/seluser/.m2/repository/org/seleniumhq/selenium/selenium-edge-driver/4.13.0/selenium-edge-driver-4.13.0.jar:/home/seluser/.m2/repository/org/seleniumhq/selenium/selenium-firefox-driver/4.13.0/selenium-firefox-driver-4.13.0.jar:/home/seluser/.m2/repository/org/seleniumhq/selenium/selenium-http/4.13.0/selenium-http-4.13.0.jar:/home/seluser/.m2/repository/dev/failsafe/failsafe/3.3.2/failsafe-3.3.2.jar:/home/seluser/.m2/repository/org/seleniumhq/selenium/selenium-ie-driver/4.13.0/selenium-ie-driver-4.13.0.jar:/home/seluser/.m2/repository/org/seleniumhq/selenium/selenium-remote-driver/4.13.0/selenium-remote-driver-4.13.0.jar:/home/seluser/.m2/repository/io/netty/netty-buffer/4.1.96.Final/netty-buffer-4.1.96.Final.jar:/home/seluser/.m2/repository/io/netty/netty-codec-http/4.1.96.Final/netty-codec-http-4.1.96.Final.jar:/home/seluser/.m2/repository/io/netty/netty-codec/4.1.96.Final/netty-codec-4.1.96.Final.jar:/home/seluser/.m2/repository/io/netty/netty-handler/4.1.96.Final/netty-handler-4.1.96.Final.jar:/home/seluser/.m2/repository/io/netty/netty-common/4.1.96.Final/netty-common-4.1.96.Final.jar:/home/seluser/.m2/repository/io/netty/netty-transport-classes-epoll/4.1.96.Final/netty-transport-classes-epoll-4.1.96.Final.jar:/home/seluser/.m2/repository/io/netty/netty-transport-classes-kqueue/4.1.96.Final/netty-transport-classes-kqueue-4.1.96.Final.jar:/home/seluser/.m2/repository/io/netty/netty-transport-native-epoll/4.1.96.Final/netty-transport-native-epoll-4.1.96.Final.jar:/home/seluser/.m2/repository/io/netty/netty-transport-native-kqueue/4.1.96.Final/netty-transport-native-kqueue-4.1.96.Final.jar:/home/seluser/.m2/repository/io/netty/netty-transport-native-unix-common/4.1.96.Final/netty-transport-native-unix-common-4.1.96.Final.jar:/home/seluser/.m2/repository/io/netty/netty-transport/4.1.96.Final/netty-transport-4.1.96.Final.jar:/home/seluser/.m2/repository/io/netty/netty-resolver/4.1.96.Final/netty-resolver-4.1.96.Final.jar:/home/seluser/.m2/repository/io/opentelemetry/opentelemetry-api/1.28.0/opentelemetry-api-1.28.0.jar:/home/seluser/.m2/repository/io/opentelemetry/opentelemetry-context/1.28.0/opentelemetry-context-1.28.0.jar:/home/seluser/.m2/repository/io/opentelemetry/opentelemetry-exporter-logging/1.28.0/opentelemetry-exporter-logging-1.28.0.jar:/home/seluser/.m2/repository/io/opentelemetry/opentelemetry-sdk-metrics/1.28.0/opentelemetry-sdk-metrics-1.28.0.jar:/home/seluser/.m2/repository/io/opentelemetry/opentelemetry-extension-incubator/1.28.0-alpha/opentelemetry-extension-incubator-1.28.0-alpha.jar:/home/seluser/.m2/repository/io/opentelemetry/opentelemetry-sdk-logs/1.28.0/opentelemetry-sdk-logs-1.28.0.jar:/home/seluser/.m2/repository/io/opentelemetry/opentelemetry-sdk-common/1.28.0/opentelemetry-sdk-common-1.28.0.jar:/home/seluser/.m2/repository/io/opentelemetry/opentelemetry-sdk-extension-autoconfigure-spi/1.28.0/opentelemetry-sdk-extension-autoconfigure-spi-1.28.0.jar:/home/seluser/.m2/repository/io/opentelemetry/opentelemetry-sdk-extension-autoconfigure/1.28.0/opentelemetry-sdk-extension-autoconfigure-1.28.0.jar:/home/seluser/.m2/repository/io/opentelemetry/opentelemetry-api-events/1.28.0-alpha/opentelemetry-api-events-1.28.0-alpha.jar:/home/seluser/.m2/repository/io/opentelemetry/opentelemetry-sdk-trace/1.28.0/opentelemetry-sdk-trace-1.28.0.jar:/home/seluser/.m2/repository/io/opentelemetry/opentelemetry-sdk/1.28.0/opentelemetry-sdk-1.28.0.jar:/home/seluser/.m2/repository/io/opentelemetry/opentelemetry-semconv/1.28.0-alpha/opentelemetry-semconv-1.28.0-alpha.jar:/home/seluser/.m2/repository/net/bytebuddy/byte-buddy/1.14.5/byte-buddy-1.14.5.jar:/home/seluser/.m2/repository/org/asynchttpclient/async-http-client/2.12.3/async-http-client-2.12.3.jar:/home/seluser/.m2/repository/org/asynchttpclient/async-http-client-netty-utils/2.12.3/async-http-client-netty-utils-2.12.3.jar:/home/seluser/.m2/repository/io/netty/netty-codec-socks/4.1.60.Final/netty-codec-socks-4.1.60.Final.jar:/home/seluser/.m2/repository/io/netty/netty-handler-proxy/4.1.60.Final/netty-handler-proxy-4.1.60.Final.jar:/home/seluser/.m2/repository/io/netty/netty-transport-native-epoll/4.1.60.Final/netty-transport-native-epoll-4.1.60.Final-linux-x86_64.jar:/home/seluser/.m2/repository/io/netty/netty-transport-native-kqueue/4.1.60.Final/netty-transport-native-kqueue-4.1.60.Final-osx-x86_64.jar:/home/seluser/.m2/repository/org/reactivestreams/reactive-streams/1.0.3/reactive-streams-1.0.3.jar:/home/seluser/.m2/repository/com/typesafe/netty/netty-reactive-streams/2.0.4/netty-reactive-streams-2.0.4.jar:/home/seluser/.m2/repository/com/sun/activation/jakarta.activation/1.2.2/jakarta.activation-1.2.2.jar:/home/seluser/.m2/repository/org/seleniumhq/selenium/selenium-os/4.13.0/selenium-os-4.13.0.jar:/home/seluser/.m2/repository/org/apache/commons/commons-exec/1.3/commons-exec-1.3.jar:/home/seluser/.m2/repository/org/seleniumhq/selenium/selenium-safari-driver/4.13.0/selenium-safari-driver-4.13.0.jar:/home/seluser/.m2/repository/org/seleniumhq/selenium/selenium-support/4.13.0/selenium-support-4.13.0.jar:/home/seluser/.m2/repository/org/slf4j/slf4j-api/2.0.5/slf4j-api-2.0.5.jar:/home/seluser/.m2/repository/ch/qos/logback/logback-classic/1.4.6/logback-classic-1.4.6.jar:/home/seluser/.m2/repository/ch/qos/logback/logback-core/1.4.6/logback-core-1.4.6.jar:/home/seluser/.m2/repository/org/junit/jupiter/junit-jupiter-engine/5.9.2/junit-jupiter-engine-5.9.2.jar:/home/seluser/.m2/repository/org/junit/platform/junit-platform-engine/1.9.2/junit-platform-engine-1.9.2.jar:/home/seluser/.m2/repository/org/opentest4j/opentest4j/1.2.0/opentest4j-1.2.0.jar:/home/seluser/.m2/repository/org/junit/platform/junit-platform-commons/1.9.2/junit-platform-commons-1.9.2.jar:/home/seluser/.m2/repository/org/junit/jupiter/junit-jupiter-api/5.9.2/junit-jupiter-api-5.9.2.jar:/home/seluser/.m2/repository/org/apiguardian/apiguardian-api/1.1.2/apiguardian-api-1.1.2.jar:"/>
    <property name="sun.cpu.endian" value="little"/>
    <property name="user.home" value="/home/seluser"/>
    <property name="user.language" value="en"/>
    <property name="java.specification.vendor" value="Oracle Corporation"/>
    <property name="java.version.date" value="2023-08-24"/>
    <property name="java.home" value="/usr/lib/jvm/java-11-openjdk-amd64"/>
    <property name="file.separator" value="/"/>
    <property name="basedir" value="/test"/>
    <property name="java.vm.compressedOopsMode" value="32-bit"/>
    <property name="line.separator" value="&#10;"/>
    <property name="java.specification.name" value="Java Platform API Specification"/>
    <property name="java.vm.specification.vendor" value="Oracle Corporation"/>
    <property name="java.awt.graphicsenv" value="sun.awt.X11GraphicsEnvironment"/>
    <property name="surefire.real.class.path" value="/test/target/surefire/surefirebooter-20230928070811527_3.jar"/>
    <property name="webdriver.chrome.verboseLogging" value="true"/>
    <property name="webdriver.chrome.logfile" value="chromedriver.log"/>
    <property name="sun.management.compiler" value="HotSpot 64-Bit Tiered Compilers"/>
    <property name="java.runtime.version" value="11.0.20.1+1-post-Ubuntu-0ubuntu120.04"/>
    <property name="user.name" value="seluser"/>
    <property name="path.separator" value=":"/>
    <property name="os.version" value="5.10.194-std-def-alt1"/>
    <property name="java.runtime.name" value="OpenJDK Runtime Environment"/>
    <property name="file.encoding" value="ANSI_X3.4-1968"/>
    <property name="java.vm.name" value="OpenJDK 64-Bit Server VM"/>
    <property name="localRepository" value="/home/seluser/.m2/repository"/>
    <property name="java.vendor.url.bug" value="https://bugs.launchpad.net/ubuntu/+source/openjdk-lts"/>
    <property name="java.io.tmpdir" value="/tmp"/>
    <property name="java.version" value="11.0.20.1"/>
    <property name="user.dir" value="/test"/>
    <property name="os.arch" value="amd64"/>
    <property name="java.vm.specification.name" value="Java Virtual Machine Specification"/>
    <property name="java.awt.printerjob" value="sun.print.PSPrinterJob"/>
    <property name="sun.os.patch.level" value="unknown"/>
    <property name="java.library.path" value="/usr/java/packages/lib:/usr/lib/x86_64-linux-gnu/jni:/lib/x86_64-linux-gnu:/usr/lib/x86_64-linux-gnu:/usr/lib/jni:/lib:/usr/lib"/>
    <property name="java.vm.info" value="mixed mode, sharing"/>
    <property name="java.vendor" value="Ubuntu"/>
    <property name="java.vm.version" value="11.0.20.1+1-post-Ubuntu-0ubuntu120.04"/>
    <property name="java.specification.maintenance.version" value="2"/>
    <property name="sun.io.unicode.encoding" value="UnicodeLittle"/>
    <property name="java.class.version" value="55.0"/>
  </properties>
  <testcase name="logging" classname="dev.selenium.troubleshooting.LoggingTest" time="0.928">
    <system-err><![CDATA[Sep 28, 2023 7:09:24 AM org.openqa.selenium.net.UrlChecker lambda$waitUntilAvailable$1
FINE: Polling http://localhost:9497/status
Sep 28, 2023 7:09:25 AM dev.selenium.troubleshooting.LoggingTest logging
WARNING: this is a warning
Sep 28, 2023 7:09:24 AM org.openqa.selenium.net.UrlChecker lambda$waitUntilAvailable$1
FINE: Polling http://localhost:23129/status
Sep 28, 2023 7:09:24 AM org.openqa.selenium.net.UrlChecker lambda$waitUntilAvailable$1
FINE: Polling http://localhost:31937/status
Sep 28, 2023 7:09:24 AM org.openqa.selenium.net.UrlChecker lambda$waitUntilAvailable$1
FINE: Polling http://localhost:8521/status
Sep 28, 2023 7:09:24 AM org.openqa.selenium.net.UrlChecker lambda$waitUntilAvailable$1
FINE: Polling http://localhost:13909/status
Sep 28, 2023 7:09:24 AM org.openqa.selenium.net.UrlChecker lambda$waitUntilAvailable$1
FINE: Polling http://localhost:7825/status
Sep 28, 2023 7:09:24 AM org.openqa.selenium.net.UrlChecker lambda$waitUntilAvailable$1
FINE: Polling http://localhost:9598/status
Sep 28, 2023 7:09:24 AM org.openqa.selenium.net.UrlChecker lambda$waitUntilAvailable$1
FINE: Polling http://localhost:24211/status
Sep 28, 2023 7:09:24 AM org.openqa.selenium.net.UrlChecker lambda$waitUntilAvailable$1
FINE: Polling http://localhost:31969/status
Sep 28, 2023 7:09:24 AM org.openqa.selenium.net.UrlChecker lambda$waitUntilAvailable$1
FINE: Polling http://localhost:15212/status
Sep 28, 2023 7:09:24 AM org.openqa.selenium.net.UrlChecker lambda$waitUntilAvailable$1
FINE: Polling http://localhost:19491/status
Sep 28, 2023 7:09:24 AM org.openqa.selenium.net.UrlChecker lambda$waitUntilAvailable$1
FINE: Polling http://localhost:18371/status
Sep 28, 2023 7:09:24 AM org.openqa.selenium.net.UrlChecker lambda$waitUntilAvailable$1
FINE: Polling http://localhost:20978/status
Sep 28, 2023 7:09:24 AM org.openqa.selenium.net.UrlChecker lambda$waitUntilAvailable$1
FINE: Polling http://localhost:17231/status
Sep 28, 2023 7:09:24 AM org.openqa.selenium.net.UrlChecker lambda$waitUntilAvailable$1
FINE: Polling http://localhost:14486/status
Sep 28, 2023 7:09:24 AM org.openqa.selenium.net.UrlChecker lambda$waitUntilAvailable$1
FINE: Polling http://localhost:8884/status
Sep 28, 2023 7:09:24 AM org.openqa.selenium.net.UrlChecker lambda$waitUntilAvailable$1
FINE: Polling http://localhost:5898/status
Sep 28, 2023 7:09:24 AM org.openqa.selenium.net.UrlChecker lambda$waitUntilAvailable$1
FINE: Polling http://localhost:24468/status
Sep 28, 2023 7:09:24 AM org.openqa.selenium.net.UrlChecker lambda$waitUntilAvailable$1
FINE: Polling http://localhost:29913/status
Sep 28, 2023 7:09:24 AM org.openqa.selenium.net.UrlChecker lambda$waitUntilAvailable$1
FINE: Polling http://localhost:15845/status
Sep 28, 2023 7:09:24 AM org.openqa.selenium.net.UrlChecker lambda$waitUntilAvailable$1
FINE: Polling http://localhost:23250/status
Sep 28, 2023 7:09:24 AM org.openqa.selenium.net.UrlChecker lambda$waitUntilAvailable$1
FINE: Polling http://localhost:26547/status
Sep 28, 2023 7:09:24 AM org.openqa.selenium.net.UrlChecker lambda$waitUntilAvailable$1
FINE: Polling http://localhost:9041/status
Sep 28, 2023 7:09:24 AM org.openqa.selenium.net.UrlChecker lambda$waitUntilAvailable$1
FINE: Polling http://localhost:8984/status
Sep 28, 2023 7:09:24 AM org.openqa.selenium.net.UrlChecker lambda$waitUntilAvailable$1
FINE: Polling http://localhost:22823/status
Sep 28, 2023 7:09:24 AM org.openqa.selenium.net.UrlChecker lambda$waitUntilAvailable$1
FINE: Polling http://localhost:11585/status
Sep 28, 2023 7:09:24 AM org.openqa.selenium.net.UrlChecker lambda$waitUntilAvailable$1
FINE: Polling http://localhost:20237/status
Sep 28, 2023 7:09:24 AM org.openqa.selenium.net.UrlChecker lambda$waitUntilAvailable$1
FINE: Polling http://localhost:32630/status
Sep 28, 2023 7:09:24 AM org.openqa.selenium.net.UrlChecker lambda$waitUntilAvailable$1
FINE: Polling http://localhost:21062/status
Sep 28, 2023 7:09:24 AM org.openqa.selenium.net.UrlChecker lambda$waitUntilAvailable$1
FINE: Polling http://localhost:9307/status
Sep 28, 2023 7:09:24 AM org.openqa.selenium.net.UrlChecker lambda$waitUntilAvailable$1
FINE: Polling http://localhost:11521/status
Sep 28, 2023 7:09:24 AM org.openqa.selenium.net.UrlChecker lambda$waitUntilAvailable$1
FINE: Polling http://localhost:17942/status
Sep 28, 2023 7:09:24 AM org.openqa.selenium.net.UrlChecker lambda$waitUntilAvailable$1
FINE: Polling http://localhost:10544/status
Sep 28, 2023 7:09:24 AM org.openqa.selenium.net.UrlChecker lambda$waitUntilAvailable$1
FINE: Polling http://localhost:27623/status
Sep 28, 2023 7:09:24 AM org.openqa.selenium.net.UrlChecker lambda$waitUntilAvailable$1
FINE: Polling http://localhost:13485/status
Sep 28, 2023 7:09:24 AM org.openqa.selenium.net.UrlChecker lambda$waitUntilAvailable$1
FINE: Polling http://localhost:24448/status
Sep 28, 2023 7:09:24 AM org.openqa.selenium.net.UrlChecker lambda$waitUntilAvailable$1
FINE: Polling http://localhost:12584/status
Sep 28, 2023 7:09:24 AM org.openqa.selenium.net.UrlChecker lambda$waitUntilAvailable$1
FINE: Polling http://localhost:13804/status
Sep 28, 2023 7:09:24 AM org.openqa.selenium.net.UrlChecker lambda$waitUntilAvailable$1
FINE: Polling http://localhost:21974/status
Sep 28, 2023 7:09:24 AM org.openqa.selenium.net.UrlChecker lambda$waitUntilAvailable$1
FINE: Polling http://localhost:24214/status
Sep 28, 2023 7:09:24 AM org.openqa.selenium.net.UrlChecker lambda$waitUntilAvailable$1
FINE: Polling http://localhost:19939/status
Sep 28, 2023 7:09:24 AM org.openqa.selenium.net.UrlChecker lambda$waitUntilAvailable$1
FINE: Polling http://localhost:1234/status
Sep 28, 2023 7:09:24 AM org.openqa.selenium.net.UrlChecker lambda$waitUntilAvailable$1
FINE: Polling http://localhost:1583/status
Sep 28, 2023 7:09:24 AM org.openqa.selenium.net.UrlChecker lambda$waitUntilAvailable$1
FINE: Polling http://localhost:9902/status
Sep 28, 2023 7:09:24 AM org.openqa.selenium.net.UrlChecker lambda$waitUntilAvailable$1
FINE: Polling http://localhost:20135/status
Sep 28, 2023 7:09:25 AM org.openqa.selenium.net.UrlChecker lambda$waitUntilAvailable$1
FINE: Polling http://localhost:9497/status
Sep 28, 2023 7:09:25 AM org.openqa.selenium.net.UrlChecker lambda$waitUntilAvailable$1
FINE: Polling http://localhost:11521/status
Sep 28, 2023 7:09:25 AM org.openqa.selenium.net.UrlChecker lambda$waitUntilAvailable$1
FINE: Polling http://localhost:23129/status
Sep 28, 2023 7:09:25 AM org.openqa.selenium.net.UrlChecker lambda$waitUntilAvailable$1
FINE: Polling http://localhost:31937/status
Sep 28, 2023 7:09:25 AM org.openqa.selenium.net.UrlChecker lambda$waitUntilAvailable$1
FINE: Polling http://localhost:8521/status
Sep 28, 2023 7:09:25 AM org.openqa.selenium.net.UrlChecker lambda$waitUntilAvailable$1
FINE: Polling http://localhost:13909/status
Sep 28, 2023 7:09:25 AM org.openqa.selenium.net.UrlChecker lambda$waitUntilAvailable$1
FINE: Polling http://localhost:7825/status
Sep 28, 2023 7:09:25 AM org.openqa.selenium.net.UrlChecker lambda$waitUntilAvailable$1
FINE: Polling http://localhost:9598/status
Sep 28, 2023 7:09:25 AM org.openqa.selenium.net.UrlChecker lambda$waitUntilAvailable$1
FINE: Polling http://localhost:24211/status
Sep 28, 2023 7:09:25 AM org.openqa.selenium.net.UrlChecker lambda$waitUntilAvailable$1
FINE: Polling http://localhost:31969/status
Sep 28, 2023 7:09:25 AM org.openqa.selenium.net.UrlChecker lambda$waitUntilAvailable$1
FINE: Polling http://localhost:15212/status
Sep 28, 2023 7:09:25 AM org.openqa.selenium.net.UrlChecker lambda$waitUntilAvailable$1
FINE: Polling http://localhost:19491/status
Sep 28, 2023 7:09:25 AM org.openqa.selenium.net.UrlChecker lambda$waitUntilAvailable$1
FINE: Polling http://localhost:18371/status
Sep 28, 2023 7:09:25 AM org.openqa.selenium.net.UrlChecker lambda$waitUntilAvailable$1
FINE: Polling http://localhost:20978/status
Sep 28, 2023 7:09:25 AM org.openqa.selenium.net.UrlChecker lambda$waitUntilAvailable$1
FINE: Polling http://localhost:17231/status
Sep 28, 2023 7:09:25 AM org.openqa.selenium.net.UrlChecker lambda$waitUntilAvailable$1
FINE: Polling http://localhost:14486/status
Sep 28, 2023 7:09:25 AM org.openqa.selenium.net.UrlChecker lambda$waitUntilAvailable$1
FINE: Polling http://localhost:8884/status
Sep 28, 2023 7:09:25 AM org.openqa.selenium.net.UrlChecker lambda$waitUntilAvailable$1
FINE: Polling http://localhost:5898/status
Sep 28, 2023 7:09:25 AM org.openqa.selenium.net.UrlChecker lambda$waitUntilAvailable$1
FINE: Polling http://localhost:24468/status
Sep 28, 2023 7:09:25 AM org.openqa.selenium.net.UrlChecker lambda$waitUntilAvailable$1
FINE: Polling http://localhost:29913/status
Sep 28, 2023 7:09:25 AM org.openqa.selenium.net.UrlChecker lambda$waitUntilAvailable$1
FINE: Polling http://localhost:15845/status
Sep 28, 2023 7:09:25 AM org.openqa.selenium.net.UrlChecker lambda$waitUntilAvailable$1
FINE: Polling http://localhost:26547/status
Sep 28, 2023 7:09:25 AM org.openqa.selenium.net.UrlChecker lambda$waitUntilAvailable$1
FINE: Polling http://localhost:8984/status
Sep 28, 2023 7:09:25 AM org.openqa.selenium.net.UrlChecker lambda$waitUntilAvailable$1
FINE: Polling http://localhost:22823/status
Sep 28, 2023 7:09:25 AM org.openqa.selenium.net.UrlChecker lambda$waitUntilAvailable$1
FINE: Polling http://localhost:9041/status
Sep 28, 2023 7:09:25 AM org.openqa.selenium.net.UrlChecker lambda$waitUntilAvailable$1
FINE: Polling http://localhost:23250/status
Sep 28, 2023 7:09:25 AM org.openqa.selenium.net.UrlChecker lambda$waitUntilAvailable$1
FINE: Polling http://localhost:32630/status
Sep 28, 2023 7:09:25 AM org.openqa.selenium.net.UrlChecker lambda$waitUntilAvailable$1
FINE: Polling http://localhost:20237/status
Sep 28, 2023 7:09:25 AM org.openqa.selenium.net.UrlChecker lambda$waitUntilAvailable$1
FINE: Polling http://localhost:11585/status
Sep 28, 2023 7:09:25 AM org.openqa.selenium.net.UrlChecker lambda$waitUntilAvailable$1
FINE: Polling http://localhost:9307/status
Sep 28, 2023 7:09:25 AM org.openqa.selenium.net.UrlChecker lambda$waitUntilAvailable$1
FINE: Polling http://localhost:21062/status
Sep 28, 2023 7:09:25 AM org.openqa.selenium.net.UrlChecker lambda$waitUntilAvailable$1
FINE: Polling http://localhost:17942/status
Sep 28, 2023 7:09:25 AM org.openqa.selenium.net.UrlChecker lambda$waitUntilAvailable$1
FINE: Polling http://localhost:10544/status
Sep 28, 2023 7:09:25 AM org.openqa.selenium.net.UrlChecker lambda$waitUntilAvailable$1
FINE: Polling http://localhost:13485/status
Sep 28, 2023 7:09:25 AM org.openqa.selenium.net.UrlChecker lambda$waitUntilAvailable$1
FINE: Polling http://localhost:24448/status
Sep 28, 2023 7:09:25 AM org.openqa.selenium.net.UrlChecker lambda$waitUntilAvailable$1
FINE: Polling http://localhost:27623/status
Sep 28, 2023 7:09:25 AM org.openqa.selenium.net.UrlChecker lambda$waitUntilAvailable$1
FINE: Polling http://localhost:12584/status
Sep 28, 2023 7:09:25 AM org.openqa.selenium.net.UrlChecker lambda$waitUntilAvailable$1
FINE: Polling http://localhost:13804/status
Sep 28, 2023 7:09:25 AM org.openqa.selenium.net.UrlChecker lambda$waitUntilAvailable$1
FINE: Polling http://localhost:21974/status
Sep 28, 2023 7:09:25 AM org.openqa.selenium.net.UrlChecker lambda$waitUntilAvailable$1
FINE: Polling http://localhost:24214/status
Sep 28, 2023 7:09:25 AM org.openqa.selenium.net.UrlChecker lambda$waitUntilAvailable$1
FINE: Polling http://localhost:19939/status
Sep 28, 2023 7:09:25 AM org.openqa.selenium.net.UrlChecker lambda$waitUntilAvailable$1
FINE: Polling http://localhost:1234/status
Sep 28, 2023 7:09:25 AM org.openqa.selenium.net.UrlChecker lambda$waitUntilAvailable$1
FINE: Polling http://localhost:20135/status
Sep 28, 2023 7:09:25 AM org.openqa.selenium.net.UrlChecker lambda$waitUntilAvailable$1
FINE: Polling http://localhost:1583/status
Sep 28, 2023 7:09:25 AM org.openqa.selenium.net.UrlChecker lambda$waitUntilAvailable$1
FINE: Polling http://localhost:9902/status
Sep 28, 2023 7:09:25 AM dev.selenium.troubleshooting.LoggingTest logging
INFO: this is useful information
Sep 28, 2023 7:09:25 AM dev.selenium.troubleshooting.LoggingTest logging
FINE: this is detailed debug information
Sep 28, 2023 7:09:25 AM org.openqa.selenium.net.UrlChecker lambda$waitUntilAvailable$1
FINE: Polling http://localhost:9497/status
]]></system-err>
  </testcase>
</testsuite>